[2022-06-11 18:57:59.039] [info] [console_user_server] version 14.4.0
[2022-06-11 18:57:59.131] [info] [console_user_server] grabber_client is started.
[2022-06-11 18:58:28.353] [info] [console_user_server] grabber_client is connected.
[2022-06-11 18:58:28.496] [info] [console_user_server] Load /Users/caligula/.config/karabiner/karabiner.json...
[2022-06-11 18:58:28.497] [info] [console_user_server] core_configuration is updated.
[2022-06-11 18:58:28.501] [info] [console_user_server] Check for updates...
[2022-06-11 19:29:47.276] [info] [console_user_server] version 14.4.0
[2022-06-11 19:29:55.821] [info] [console_user_server] grabber_client is started.
[2022-06-11 19:29:55.824] [info] [console_user_server] grabber_client is connected.
[2022-06-11 19:29:56.009] [info] [console_user_server] Load /Users/caligula/.config/karabiner/karabiner.json...
[2022-06-11 19:29:56.021] [info] [console_user_server] core_configuration is updated.
[2022-06-11 19:29:56.025] [info] [console_user_server] Check for updates...
[2022-06-11 19:36:04.244] [info] [console_user_server] version 14.4.0
[2022-06-11 19:36:13.486] [info] [console_user_server] grabber_client is started.
[2022-06-11 19:36:13.488] [info] [console_user_server] grabber_client is connected.
[2022-06-11 19:36:13.559] [info] [console_user_server] Load /Users/caligula/.config/karabiner/karabiner.json...
[2022-06-11 19:36:13.560] [info] [console_user_server] core_configuration is updated.
[2022-06-11 19:36:13.564] [info] [console_user_server] Check for updates...
[2022-06-12 02:09:32.178] [info] [console_user_server] version 14.4.0
[2022-06-12 02:09:42.497] [info] [console_user_server] grabber_client is started.
[2022-06-12 02:09:42.498] [info] [console_user_server] grabber_client is connected.
[2022-06-12 02:09:42.578] [info] [console_user_server] Load /Users/caligula/.config/karabiner/karabiner.json...
[2022-06-12 02:09:42.579] [info] [console_user_server] core_configuration is updated.
[2022-06-12 02:09:42.584] [info] [console_user_server] Check for updates...
