[23:05:02.098][info] [#0:/Users/caligula/.local/share/nvim/lsp_servers/sumneko_lua/extension/server/main.lua:65]: Lua Lsp startup, root: 	/Users/caligula/.local/share/nvim/lsp_servers/sumneko_lua/extension/server
[23:05:02.098][info] [#0:/Users/caligula/.local/share/nvim/lsp_servers/sumneko_lua/extension/server/main.lua:66]: ROOT:	/Users/caligula/.local/share/nvim/lsp_servers/sumneko_lua/extension/server
[23:05:02.098][info] [#0:/Users/caligula/.local/share/nvim/lsp_servers/sumneko_lua/extension/server/main.lua:67]: LOGPATH:	/Users/caligula/.local/share/nvim/lsp_servers/sumneko_lua/extension/server/log
[23:05:02.098][info] [#0:/Users/caligula/.local/share/nvim/lsp_servers/sumneko_lua/extension/server/main.lua:68]: METAPATH:	/Users/caligula/.local/share/nvim/lsp_servers/sumneko_lua/extension/server/meta
[23:05:02.099][info] [#0:/Users/caligula/.local/share/nvim/lsp_servers/sumneko_lua/extension/server/main.lua:69]: VERSION:	3.2.5
[23:05:02.133][info] [#0:script/service/service.lua:141]: 
========= Medical Examination Report =========
    --------------- Memory ---------------
        Total: 1.500 MB
        # 00 : 1.500 MB
        # 01 : 0.000 MB
        # 02 : 0.000 MB
        # 03 : 0.000 MB
        # 04 : 0.000 MB
    --------------- Coroutine ---------------
        Total:     0
        Running:   0
        Suspended: 0
        Normal:    0
        Dead:      0
    --------------- Cache ---------------
        Total: 1
        Dead:  0
    ---------------  RPC  ---------------
        Holdon:   0
        Waiting:  0
==============================================
[23:05:02.243][info] [#0:script/language.lua:137]: VSC language: nil
[23:05:02.243][info] [#0:script/language.lua:138]: LS  language: en-us
[23:05:02.243][info] [#0:script/workspace/workspace.lua:39]: Workspace init root: 	file:///Users/caligula/dotfiles
[23:05:02.243][info] [#0:script/workspace/workspace.lua:43]: Log path: 	/Users/caligula/.local/share/nvim/lsp_servers/sumneko_lua/extension/server/log/file_Users_caligula_dotfiles.log
[23:05:02.244][info] [#0:script/workspace/workspace.lua:49]: Workspace create: 	file:///Users/caligula/dotfiles
[23:05:02.246][info] [#0:script/provider/provider.lua:40]: Load config from client	file:///Users/caligula/dotfiles
[23:05:02.246][info] [#0:script/provider/provider.lua:40]: Load config from client	file:///Users/caligula/dotfiles
[23:05:02.247][info] [#0:script/provider/provider.lua:40]: Load config from client	file:///Users/caligula/dotfiles
[23:05:02.247][info] [#0:script/provider/provider.lua:55]: Load config from client	fallback
[23:05:02.247][info] [#0:script/library.lua:207]: Init builtin library at:	nil
[23:05:02.257][info] [#0:script/library.lua:207]: Init builtin library at:	file:///Users/caligula/dotfiles
[23:05:02.265][info] [#0:script/plugin.lua:80]: plugin path:	nil
[23:05:02.265][info] [#0:script/plugin.lua:80]: plugin path:	nil
[23:05:02.265][info] [#0:script/provider/provider.lua:55]: Load config from client	fallback
[23:05:02.265][info] [#0:script/provider/provider.lua:55]: Load config from client	fallback
[23:05:02.266][info] [#0:script/workspace/workspace.lua:285]: Preload start:	file:///Users/caligula/dotfiles
[23:05:02.266][info] [#0:script/workspace/workspace.lua:291]: Scan files at:	file:///Users/caligula/dotfiles
[23:05:02.267][info] [#0:script/workspace/workspace.lua:285]: Preload start:	<fallback>
[23:05:02.267][info] [#0:script/workspace/workspace.lua:307]: Scan library at:	file:///Users/caligula/.local/share/nvim/lsp_servers/sumneko_lua/extension/server/meta/Lua%205.4%20en-us%20utf8
[23:05:02.267][warn] [#0:script/files.lua:60]: Fix real file uri: file:///Users/caligula/.local/share/nvim/lsp_servers/sumneko_lua/extension/server/meta/Lua%205.4%20en-us%20utf8/basic.lua -> file:///Users/caligula/dotfiles/scripts/.local/share/nvim/lsp_servers/sumneko_lua/extension/server/meta/Lua%205.4%20en-us%20utf8/basic.lua
[23:05:02.267][warn] [#0:script/files.lua:60]: Fix real file uri: file:///Users/caligula/.local/share/nvim/lsp_servers/sumneko_lua/extension/server/meta/Lua%205.4%20en-us%20utf8/table.lua -> file:///Users/caligula/dotfiles/scripts/.local/share/nvim/lsp_servers/sumneko_lua/extension/server/meta/Lua%205.4%20en-us%20utf8/table.lua
[23:05:02.268][warn] [#0:script/files.lua:60]: Fix real file uri: file:///Users/caligula/.local/share/nvim/lsp_servers/sumneko_lua/extension/server/meta/Lua%205.4%20en-us%20utf8/os.lua -> file:///Users/caligula/dotfiles/scripts/.local/share/nvim/lsp_servers/sumneko_lua/extension/server/meta/Lua%205.4%20en-us%20utf8/os.lua
[23:05:02.268][warn] [#0:script/files.lua:60]: Fix real file uri: file:///Users/caligula/.local/share/nvim/lsp_servers/sumneko_lua/extension/server/meta/Lua%205.4%20en-us%20utf8/string.lua -> file:///Users/caligula/dotfiles/scripts/.local/share/nvim/lsp_servers/sumneko_lua/extension/server/meta/Lua%205.4%20en-us%20utf8/string.lua
[23:05:02.268][warn] [#0:script/files.lua:60]: Fix real file uri: file:///Users/caligula/.local/share/nvim/lsp_servers/sumneko_lua/extension/server/meta/Lua%205.4%20en-us%20utf8/math.lua -> file:///Users/caligula/dotfiles/scripts/.local/share/nvim/lsp_servers/sumneko_lua/extension/server/meta/Lua%205.4%20en-us%20utf8/math.lua
[23:05:02.269][warn] [#0:script/files.lua:60]: Fix real file uri: file:///Users/caligula/.local/share/nvim/lsp_servers/sumneko_lua/extension/server/meta/Lua%205.4%20en-us%20utf8/coroutine.lua -> file:///Users/caligula/dotfiles/scripts/.local/share/nvim/lsp_servers/sumneko_lua/extension/server/meta/Lua%205.4%20en-us%20utf8/coroutine.lua
[23:05:02.269][warn] [#0:script/files.lua:60]: Fix real file uri: file:///Users/caligula/.local/share/nvim/lsp_servers/sumneko_lua/extension/server/meta/Lua%205.4%20en-us%20utf8/debug.lua -> file:///Users/caligula/dotfiles/scripts/.local/share/nvim/lsp_servers/sumneko_lua/extension/server/meta/Lua%205.4%20en-us%20utf8/debug.lua
[23:05:02.269][warn] [#0:script/files.lua:60]: Fix real file uri: file:///Users/caligula/.local/share/nvim/lsp_servers/sumneko_lua/extension/server/meta/Lua%205.4%20en-us%20utf8/io.lua -> file:///Users/caligula/dotfiles/scripts/.local/share/nvim/lsp_servers/sumneko_lua/extension/server/meta/Lua%205.4%20en-us%20utf8/io.lua
[23:05:02.269][warn] [#0:script/files.lua:60]: Fix real file uri: file:///Users/caligula/.local/share/nvim/lsp_servers/sumneko_lua/extension/server/meta/Lua%205.4%20en-us%20utf8/utf8.lua -> file:///Users/caligula/dotfiles/scripts/.local/share/nvim/lsp_servers/sumneko_lua/extension/server/meta/Lua%205.4%20en-us%20utf8/utf8.lua
[23:05:02.269][warn] [#0:script/files.lua:60]: Fix real file uri: file:///Users/caligula/.local/share/nvim/lsp_servers/sumneko_lua/extension/server/meta/Lua%205.4%20en-us%20utf8/package.lua -> file:///Users/caligula/dotfiles/scripts/.local/share/nvim/lsp_servers/sumneko_lua/extension/server/meta/Lua%205.4%20en-us%20utf8/package.lua
[23:05:02.269][warn] [#0:script/files.lua:60]: Fix real file uri: file:///Users/caligula/.local/share/nvim/lsp_servers/sumneko_lua/extension/server/meta/Lua%205.4%20en-us%20utf8/builtin.lua -> file:///Users/caligula/dotfiles/scripts/.local/share/nvim/lsp_servers/sumneko_lua/extension/server/meta/Lua%205.4%20en-us%20utf8/builtin.lua
[23:05:04.804][info] [#0:script/workspace/workspace.lua:307]: Scan library at:	file:///Users/caligula/.local/share/nvim/lsp_servers/sumneko_lua/extension/server/meta/Lua%205.4%20en-us%20utf8
[23:05:04.805][info] [#0:script/workspace/workspace.lua:327]: Found 11 files at:	<fallback>
[23:05:04.805][info] [#0:script/workspace/loading.lua:152]: Load files from disk:	<fallback>
[23:05:04.805][info] [#0:script/workspace/workspace.lua:327]: Found 2343 files at:	file:///Users/caligula/dotfiles
[23:05:04.805][info] [#0:script/workspace/loading.lua:152]: Load files from disk:	file:///Users/caligula/dotfiles
[23:05:07.760][warn] [#0:script/files.lua:496]: Compile [file:///Users/caligula/dotfiles/scripts/.local/share/nvim/site/pack/packer/start/plenary.nvim/lua/plenary/scandir.lua] takes [0.106] sec, size [17.920] kb.
[23:05:08.649][info] [#0:script/workspace/loading.lua:164]: Loaded files takes [3.906] sec: <fallback>
[23:05:08.650][info] [#0:script/workspace/loading.lua:173]: Compile files takes [0.000] sec: <fallback>
[23:05:08.650][info] [#0:script/workspace/loading.lua:174]: Loaded finish:	<fallback>
[23:05:08.650][info] [#0:script/workspace/workspace.lua:329]: Preload finish at:	<fallback>
[23:05:08.678][warn] [#0:script/proto/proto.lua:122]: Response of [workspace/diagnostic/refresh] error [-32601]: MethodNotFound
[23:05:10.178][info] [#0:script/workspace/loading.lua:164]: Loaded files takes [3.936] sec: file:///Users/caligula/dotfiles
[23:05:10.178][info] [#0:script/workspace/loading.lua:173]: Compile files takes [0.000] sec: file:///Users/caligula/dotfiles
[23:05:10.178][info] [#0:script/workspace/loading.lua:174]: Loaded finish:	file:///Users/caligula/dotfiles
[23:05:10.178][info] [#0:script/workspace/workspace.lua:329]: Preload finish at:	file:///Users/caligula/dotfiles
[23:05:10.178][info] [#0:script/workspace/workspace.lua:249]: Scan files at:	file:///Users/caligula/dotfiles/scripts/.local/share/nvim/lsp_servers/sumneko_lua/extension/server/log/file_Users_caligula_dotfiles.log
[23:05:10.179][info] [#0:script/workspace/workspace.lua:249]: Scan files at:	file:///Users/caligula/dotfiles/scripts/.local/share/nvim/lsp_servers/sumneko_lua/extension/server/log/service.log
[23:05:10.180][info] [#0:script/workspace/workspace.lua:249]: Scan files at:	file:///Users/caligula/dotfiles/scripts/.local/share/nvim/lsp_servers/sumneko_lua/extension/server/log/middleScript.lua
[23:05:10.180][info] [#0:script/workspace/workspace.lua:249]: Scan files at:	file:///Users/caligula/dotfiles/scripts/.local/share/nvim/lsp_servers/sumneko_lua/extension/server/meta/Lua%205.4%20en-us%20utf8
[23:05:10.182][info] [#0:script/workspace/workspace.lua:249]: Scan files at:	file:///Users/caligula/dotfiles/.git/index
[23:05:10.182][info] [#0:script/workspace/workspace.lua:249]: Scan files at:	file:///Users/caligula/dotfiles/scripts/.local/state/nvim/lsp.log
[23:05:10.183][info] [#0:script/workspace/loading.lua:152]: Load files from disk:	file:///Users/caligula/dotfiles
[23:05:10.183][info] [#0:script/workspace/loading.lua:164]: Loaded files takes [0.000] sec: file:///Users/caligula/dotfiles
[23:05:10.183][info] [#0:script/workspace/loading.lua:173]: Compile files takes [0.000] sec: file:///Users/caligula/dotfiles
[23:05:10.183][info] [#0:script/workspace/loading.lua:174]: Loaded finish:	file:///Users/caligula/dotfiles
[23:05:10.183][info] [#0:script/workspace/loading.lua:152]: Load files from disk:	file:///Users/caligula/dotfiles
[23:05:10.183][info] [#0:script/workspace/loading.lua:164]: Loaded files takes [0.000] sec: file:///Users/caligula/dotfiles
[23:05:10.184][info] [#0:script/workspace/loading.lua:173]: Compile files takes [0.000] sec: file:///Users/caligula/dotfiles
[23:05:10.184][info] [#0:script/workspace/loading.lua:174]: Loaded finish:	file:///Users/caligula/dotfiles
[23:05:10.184][warn] [#0:script/proto/proto.lua:122]: Response of [workspace/diagnostic/refresh] error [-32601]: MethodNotFound
[23:05:10.184][info] [#0:script/workspace/loading.lua:152]: Load files from disk:	file:///Users/caligula/dotfiles
[23:05:10.184][info] [#0:script/workspace/loading.lua:152]: Load files from disk:	file:///Users/caligula/dotfiles
[23:05:10.184][info] [#0:script/workspace/loading.lua:164]: Loaded files takes [0.000] sec: file:///Users/caligula/dotfiles
[23:05:10.184][info] [#0:script/workspace/loading.lua:173]: Compile files takes [0.000] sec: file:///Users/caligula/dotfiles
[23:05:10.184][info] [#0:script/workspace/loading.lua:174]: Loaded finish:	file:///Users/caligula/dotfiles
[23:05:10.184][info] [#0:script/workspace/loading.lua:152]: Load files from disk:	file:///Users/caligula/dotfiles
[23:05:10.184][info] [#0:script/workspace/loading.lua:164]: Loaded files takes [0.000] sec: file:///Users/caligula/dotfiles
[23:05:10.185][info] [#0:script/workspace/loading.lua:173]: Compile files takes [0.000] sec: file:///Users/caligula/dotfiles
[23:05:10.185][info] [#0:script/workspace/loading.lua:174]: Loaded finish:	file:///Users/caligula/dotfiles
[23:05:10.185][info] [#0:script/workspace/loading.lua:164]: Loaded files takes [0.001] sec: file:///Users/caligula/dotfiles
[23:05:10.185][info] [#0:script/workspace/loading.lua:173]: Compile files takes [0.000] sec: file:///Users/caligula/dotfiles
[23:05:10.185][info] [#0:script/workspace/loading.lua:174]: Loaded finish:	file:///Users/caligula/dotfiles
[23:05:10.187][info] [#0:script/workspace/loading.lua:152]: Load files from disk:	file:///Users/caligula/dotfiles
[23:05:10.188][info] [#0:script/workspace/loading.lua:164]: Loaded files takes [0.000] sec: file:///Users/caligula/dotfiles
[23:05:10.188][info] [#0:script/workspace/loading.lua:173]: Compile files takes [0.000] sec: file:///Users/caligula/dotfiles
[23:05:10.188][info] [#0:script/workspace/loading.lua:174]: Loaded finish:	file:///Users/caligula/dotfiles
[23:05:11.223][info] [#0:script/provider/provider.lua:167]: Server shutdown.
[23:05:11.227][info] [#0:script/provider/diagnostic.lua:453]: Diagnostics scope [file:///Users/caligula/dotfiles], files count:[2343]
[23:05:11.230][info] [#0:script/provider/diagnostic.lua:453]: Diagnostics scope [<fallback>], files count:[2343]
[23:05:11.230][info] [#0:script/provider/provider.lua:160]: Server exited.
