[23:05:02.098][info] [#0:/Users/caligula/.local/share/nvim/lsp_servers/sumneko_lua/extension/server/main.lua:65]: Lua Lsp startup, root: 	/Users/caligula/.local/share/nvim/lsp_servers/sumneko_lua/extension/server
[23:05:02.098][info] [#0:/Users/caligula/.local/share/nvim/lsp_servers/sumneko_lua/extension/server/main.lua:66]: ROOT:	/Users/caligula/.local/share/nvim/lsp_servers/sumneko_lua/extension/server
[23:05:02.098][info] [#0:/Users/caligula/.local/share/nvim/lsp_servers/sumneko_lua/extension/server/main.lua:67]: LOGPATH:	/Users/caligula/.local/share/nvim/lsp_servers/sumneko_lua/extension/server/log
[23:05:02.098][info] [#0:/Users/caligula/.local/share/nvim/lsp_servers/sumneko_lua/extension/server/main.lua:68]: METAPATH:	/Users/caligula/.local/share/nvim/lsp_servers/sumneko_lua/extension/server/meta
[23:05:02.099][info] [#0:/Users/caligula/.local/share/nvim/lsp_servers/sumneko_lua/extension/server/main.lua:69]: VERSION:	3.2.5
[23:05:02.133][info] [#0:script/service/service.lua:141]: 
========= Medical Examination Report =========
    --------------- Memory ---------------
        Total: 1.500 MB
        # 00 : 1.500 MB
        # 01 : 0.000 MB
        # 02 : 0.000 MB
        # 03 : 0.000 MB
        # 04 : 0.000 MB
    --------------- Coroutine ---------------
        Total:     0
        Running:   0
        Suspended: 0
        Normal:    0
        Dead:      0
    --------------- Cache ---------------
        Total: 1
        Dead:  0
    ---------------  RPC  ---------------
        Holdon:   0
        Waiting:  0
==============================================
[23:05:02.243][info] [#0:script/language.lua:137]: VSC language: nil
[23:05:02.243][info] [#0:script/language.lua:138]: LS  language: en-us
[23:05:02.243][info] [#0:script/workspace/workspace.lua:39]: Workspace init root: 	file:///Users/caligula/dotfiles
[23:05:02.243][info] [#0:script/workspace/workspace.lua:43]: Log path: 	/Users/caligula/.local/share/nvim/lsp_servers/sumneko_lua/extension/server/log/file_Users_caligula_dotfiles.log
